<?xml version="1.0" encoding="UTF-8"?>
<!-- Generated by org.testng.reporters.JUnitReportReporter -->
<testsuite skipped="0" hostname="DESKTOP-F9DLUB6" name="smoketest.smokesz" tests="1" failures="0" timestamp="18 Jul 2017 02:23:15 GMT" time="6.847" errors="0">
  <testcase name="test" time="6.847" classname="smoketest.smokesz"/>
</testsuite> <!-- smoketest.smokesz -->
